[ 2015-03-25T16:39:47+08:00 ] 127.0.0.1 /PHPWeb/company/admin.php/Download/assets/plugins/jquery-file-upload/server/php/
INFO: [ app_begin ] --START--
INFO: ReadHtmlCache Behavior ::run [ RunTime:0.002000s ]
INFO: [ app_begin ] --END-- [ RunTime:0.002000s ]
ERR: 非法操作:assets

[ 2015-03-25T16:39:47+08:00 ] 127.0.0.1 /PHPWeb/company/admin.php/Download/assets/plugins/jquery-file-upload/server/php/
INFO: [ app_begin ] --START--
INFO: ReadHtmlCache Behavior ::run [ RunTime:0.003001s ]
INFO: [ app_begin ] --END-- [ RunTime:0.003001s ]
ERR: 非法操作:assets

[ 2015-03-25T16:40:34+08:00 ] 127.0.0.1 /PHPWeb/company/admin.php/Download/assets/plugins/jquery-file-upload/server/php/
INFO: [ app_begin ] --START--
INFO: ReadHtmlCache Behavior ::run [ RunTime:0.001000s ]
INFO: [ app_begin ] --END-- [ RunTime:0.001000s ]
ERR: 非法操作:assets

[ 2015-03-25T16:42:11+08:00 ] 127.0.0.1 /PHPWeb/company/admin.php/Download/assets/plugins/jquery-file-upload/server/php/
INFO: [ app_begin ] --START--
INFO: ReadHtmlCache Behavior ::run [ RunTime:0.001000s ]
INFO: [ app_begin ] --END-- [ RunTime:0.001000s ]
ERR: 非法操作:assets

[ 2015-03-25T16:42:34+08:00 ] 127.0.0.1 /PHPWeb/company/admin.php/Download/assets/plugins/jquery-file-upload/server/php/
INFO: [ app_begin ] --START--
INFO: ReadHtmlCache Behavior ::run [ RunTime:0.002001s ]
INFO: [ app_begin ] --END-- [ RunTime:0.002001s ]
ERR: 非法操作:assets

[ 2015-03-25T16:42:34+08:00 ] 127.0.0.1 /PHPWeb/company/admin.php/Download/assets/plugins/jquery-file-upload/server/php/
INFO: [ app_begin ] --START--
INFO: ReadHtmlCache Behavior ::run [ RunTime:0.001000s ]
INFO: [ app_begin ] --END-- [ RunTime:0.002001s ]
ERR: 非法操作:assets

[ 2015-03-25T17:22:53+08:00 ] 127.0.0.1 /PHPWeb/company/admin.php/Download/assets/plugins/jquery-file-upload/server/php/
INFO: [ app_begin ] --START--
INFO: ReadHtmlCache Behavior ::run [ RunTime:0.001001s ]
INFO: [ app_begin ] --END-- [ RunTime:0.001001s ]
ERR: 非法操作:assets

[ 2015-03-25T17:22:53+08:00 ] 127.0.0.1 /PHPWeb/company/admin.php/Download/assets/plugins/jquery-file-upload/server/php/
INFO: [ app_begin ] --START--
INFO: ReadHtmlCache Behavior ::run [ RunTime:0.002000s ]
INFO: [ app_begin ] --END-- [ RunTime:0.002000s ]
ERR: 非法操作:assets

[ 2015-03-25T17:23:18+08:00 ] 127.0.0.1 /PHPWeb/company/admin.php/Download/assets/plugins/jquery-file-upload/server/php/
INFO: [ app_begin ] --START--
INFO: ReadHtmlCache Behavior ::run [ RunTime:0.002001s ]
INFO: [ app_begin ] --END-- [ RunTime:0.002001s ]
ERR: 非法操作:assets

[ 2015-03-25T17:23:18+08:00 ] 127.0.0.1 /PHPWeb/company/admin.php/Download/assets/plugins/jquery-file-upload/server/php/
INFO: [ app_begin ] --START--
INFO: ReadHtmlCache Behavior ::run [ RunTime:0.002000s ]
INFO: [ app_begin ] --END-- [ RunTime:0.002000s ]
ERR: 非法操作:assets

[ 2015-03-25T17:25:06+08:00 ] 127.0.0.1 /PHPWeb/company/admin.php/Download/assets/plugins/jquery-file-upload/server/php/
INFO: [ app_begin ] --START--
INFO: ReadHtmlCache Behavior ::run [ RunTime:0.002000s ]
INFO: [ app_begin ] --END-- [ RunTime:0.002000s ]
ERR: 非法操作:assets

[ 2015-03-25T17:25:06+08:00 ] 127.0.0.1 /PHPWeb/company/admin.php/Download/assets/plugins/jquery-file-upload/server/php/
INFO: [ app_begin ] --START--
INFO: ReadHtmlCache Behavior ::run [ RunTime:0.002000s ]
INFO: [ app_begin ] --END-- [ RunTime:0.002000s ]
ERR: 非法操作:assets

[ 2015-03-25T17:25:14+08:00 ] 127.0.0.1 /PHPWeb/company/admin.php/Download/assets/plugins/jquery-file-upload/server/php/
INFO: [ app_begin ] --START--
INFO: ReadHtmlCache Behavior ::run [ RunTime:0.003000s ]
INFO: [ app_begin ] --END-- [ RunTime:0.003000s ]
ERR: 非法操作:assets

[ 2015-03-25T17:25:14+08:00 ] 127.0.0.1 /PHPWeb/company/admin.php/Download/assets/plugins/jquery-file-upload/server/php/
INFO: [ app_begin ] --START--
INFO: ReadHtmlCache Behavior ::run [ RunTime:0.002000s ]
INFO: [ app_begin ] --END-- [ RunTime:0.003000s ]
ERR: 非法操作:assets

[ 2015-03-25T17:33:44+08:00 ] 127.0.0.1 /PHPWeb/company/admin.php/Download/assets/plugins/jquery-file-upload/server/php/
INFO: [ app_begin ] --START--
INFO: ReadHtmlCache Behavior ::run [ RunTime:0.014001s ]
INFO: [ app_begin ] --END-- [ RunTime:0.014001s ]
ERR: 非法操作:assets

[ 2015-03-25T17:33:44+08:00 ] 127.0.0.1 /PHPWeb/company/admin.php/Download/assets/plugins/jquery-file-upload/server/php/
INFO: [ app_begin ] --START--
INFO: ReadHtmlCache Behavior ::run [ RunTime:0.001000s ]
INFO: [ app_begin ] --END-- [ RunTime:0.001000s ]
ERR: 非法操作:assets

[ 2015-03-25T17:33:54+08:00 ] 127.0.0.1 /PHPWeb/company/admin.php/Download/assets/plugins/jquery-file-upload/server/php/
INFO: [ app_begin ] --START--
INFO: ReadHtmlCache Behavior ::run [ RunTime:0.002000s ]
INFO: [ app_begin ] --END-- [ RunTime:0.002000s ]
ERR: 非法操作:assets

[ 2015-03-25T17:33:54+08:00 ] 127.0.0.1 /PHPWeb/company/admin.php/Download/assets/plugins/jquery-file-upload/server/php/
INFO: [ app_begin ] --START--
INFO: ReadHtmlCache Behavior ::run [ RunTime:0.003001s ]
INFO: [ app_begin ] --END-- [ RunTime:0.003001s ]
ERR: 非法操作:assets

[ 2015-03-25T17:35:06+08:00 ] 127.0.0.1 /PHPWeb/company/admin.php/Download/assets/plugins/jquery-file-upload/server/php/
INFO: [ app_begin ] --START--
INFO: ReadHtmlCache Behavior ::run [ RunTime:0.003000s ]
INFO: [ app_begin ] --END-- [ RunTime:0.003000s ]
ERR: 非法操作:assets

[ 2015-03-25T17:35:06+08:00 ] 127.0.0.1 /PHPWeb/company/admin.php/Download/assets/plugins/jquery-file-upload/server/php/
INFO: [ app_begin ] --START--
INFO: ReadHtmlCache Behavior ::run [ RunTime:0.006001s ]
INFO: [ app_begin ] --END-- [ RunTime:0.006001s ]
ERR: 非法操作:assets

[ 2015-03-25T17:36:23+08:00 ] 127.0.0.1 /PHPWeb/company/admin.php/Material/ajax_getPageCont?en_title=industry
INFO: [ app_begin ] --START--
INFO: ReadHtmlCache Behavior ::run [ RunTime:0.001000s ]
INFO: [ app_begin ] --END-- [ RunTime:0.001000s ]
SQL: SHOW COLUMNS FROM `wf_static_pages` [ RunTime:0.003000s ]
SQL: SELECT * FROM `wf_static_pages` WHERE ( `en_title` = 'industry' )  [ RunTime:0.003001s ]

[ 2015-03-25T17:36:34+08:00 ] 127.0.0.1 /PHPWeb/company/admin.php/Material/ajax_getPageCont?en_title=company_introduce
INFO: [ app_begin ] --START--
INFO: ReadHtmlCache Behavior ::run [ RunTime:0.002000s ]
INFO: [ app_begin ] --END-- [ RunTime:0.002000s ]
SQL: SHOW COLUMNS FROM `wf_static_pages` [ RunTime:0.001000s ]
SQL: SELECT * FROM `wf_static_pages` WHERE ( `en_title` = 'company_introduce' )  [ RunTime:0.000000s ]

[ 2015-03-25T17:40:47+08:00 ] 127.0.0.1 /PHPWeb/company/admin.php/Download/assets/plugins/jquery-file-upload/server/php/
INFO: [ app_begin ] --START--
INFO: ReadHtmlCache Behavior ::run [ RunTime:0.002000s ]
INFO: [ app_begin ] --END-- [ RunTime:0.002000s ]
ERR: 非法操作:assets

[ 2015-03-25T17:40:47+08:00 ] 127.0.0.1 /PHPWeb/company/admin.php/Download/assets/plugins/jquery-file-upload/server/php/
INFO: [ app_begin ] --START--
INFO: ReadHtmlCache Behavior ::run [ RunTime:0.002000s ]
INFO: [ app_begin ] --END-- [ RunTime:0.002000s ]
ERR: 非法操作:assets

[ 2015-03-25T17:40:57+08:00 ] 127.0.0.1 /PHPWeb/company/admin.php/Download/assets/plugins/jquery-file-upload/server/php/
INFO: [ app_begin ] --START--
INFO: ReadHtmlCache Behavior ::run [ RunTime:0.002000s ]
INFO: [ app_begin ] --END-- [ RunTime:0.002000s ]
ERR: 非法操作:assets

[ 2015-03-25T17:40:57+08:00 ] 127.0.0.1 /PHPWeb/company/admin.php/Download/assets/plugins/jquery-file-upload/server/php/
INFO: [ app_begin ] --START--
INFO: ReadHtmlCache Behavior ::run [ RunTime:0.005000s ]
INFO: [ app_begin ] --END-- [ RunTime:0.006001s ]
ERR: 非法操作:assets

[ 2015-03-25T17:41:32+08:00 ] 127.0.0.1 /PHPWeb/company/admin.php/Download/assets/plugins/jquery-file-upload/server/php/
INFO: [ app_begin ] --START--
INFO: ReadHtmlCache Behavior ::run [ RunTime:0.001000s ]
INFO: [ app_begin ] --END-- [ RunTime:0.002000s ]
ERR: 非法操作:assets

[ 2015-03-25T17:41:32+08:00 ] 127.0.0.1 /PHPWeb/company/admin.php/Download/assets/plugins/jquery-file-upload/server/php/
INFO: [ app_begin ] --START--
INFO: ReadHtmlCache Behavior ::run [ RunTime:0.001000s ]
INFO: [ app_begin ] --END-- [ RunTime:0.002000s ]
ERR: 非法操作:assets

[ 2015-03-25T17:41:40+08:00 ] 127.0.0.1 /PHPWeb/company/admin.php/Download/assets/plugins/jquery-file-upload/server/php/
INFO: [ app_begin ] --START--
INFO: ReadHtmlCache Behavior ::run [ RunTime:0.001000s ]
INFO: [ app_begin ] --END-- [ RunTime:0.002000s ]
ERR: 非法操作:assets

[ 2015-03-25T17:41:40+08:00 ] 127.0.0.1 /PHPWeb/company/admin.php/Download/assets/plugins/jquery-file-upload/server/php/
INFO: [ app_begin ] --START--
INFO: ReadHtmlCache Behavior ::run [ RunTime:0.002000s ]
INFO: [ app_begin ] --END-- [ RunTime:0.002000s ]
ERR: 非法操作:assets

